<?xml version="1.0" encoding="UTF-8"?>
<testng-results ignored="0" total="1" passed="1" failed="0" skipped="0">
  <reporter-output>
  </reporter-output>
  <suite started-at="2022-09-21T20:25:37 IST" name="Default suite" finished-at="2022-09-21T20:26:05 IST" duration-ms="27974">
    <groups>
    </groups>
    <test started-at="2022-09-21T20:25:37 IST" name="Default test" finished-at="2022-09-21T20:26:05 IST" duration-ms="27974">
      <class name="nopCommerce.testCases.TC_LoginTest_001">
        <test-method is-config="true" signature="setup()[pri:0, instance:nopCommerce.testCases.TC_LoginTest_001@2145b572]" started-at="2022-09-21T20:25:37 IST" name="setup" finished-at="2022-09-21T20:25:40 IST" duration-ms="2618" status="PASS">
          <reporter-output>
          </reporter-output>
        </test-method> <!-- setup -->
        <test-method signature="loginTest()[pri:0, instance:nopCommerce.testCases.TC_LoginTest_001@2145b572]" started-at="2022-09-21T20:25:40 IST" name="loginTest" finished-at="2022-09-21T20:26:03 IST" duration-ms="23634" status="PASS">
          <reporter-output>
          </reporter-output>
        </test-method> <!-- loginTest -->
        <test-method is-config="true" signature="tearDown()[pri:0, instance:nopCommerce.testCases.TC_LoginTest_001@2145b572]" started-at="2022-09-21T20:26:03 IST" name="tearDown" finished-at="2022-09-21T20:26:05 IST" duration-ms="1670" status="PASS">
          <reporter-output>
          </reporter-output>
        </test-method> <!-- tearDown -->
      </class> <!-- nopCommerce.testCases.TC_LoginTest_001 -->
    </test> <!-- Default test -->
  </suite> <!-- Default suite -->
</testng-results>
